<?xml version="1.0" encoding="UTF-8"?>
<!-- Generated by org.testng.reporters.JUnitXMLReporter -->
<testsuite hostname="Lenovo-I7-PC" ignored="0" name="Default test" tests="5" failures="0" timestamp="11 Nov 2019 15:04:36 GMT" time="129.407" errors="0">
  <testcase name="test_func" time="11.431" classname="testRunner.TestRunner"/>
  <testcase name="test_func" time="11.583" classname="testRunner.TestRunner"/>
  <testcase name="test_func" time="11.633" classname="testRunner.TestRunner"/>
  <testcase name="test_func" time="11.639" classname="testRunner.TestRunner"/>
  <testcase name="test_func" time="11.607" classname="testRunner.TestRunner"/>
</testsuite> <!-- Default test -->
